#
# There is insufficient memory for the Java Runtime Environment to continue.
# Native memory allocation (malloc) failed to allocate 219312 bytes. Error detail: Chunk::new
# Possible reasons:
#   The system is out of physical RAM or swap space
#   This process is running with CompressedOops enabled, and the Java Heap may be blocking the growth of the native heap
# Possible solutions:
#   Reduce memory load on the system
#   Increase physical memory or swap space
#   Check if swap backing store is full
#   Decrease Java heap size (-Xmx/-Xms)
#   Decrease number of Java threads
#   Decrease Java thread stack sizes (-Xss)
#   Set larger code cache with -XX:ReservedCodeCacheSize=
#   JVM is running with Unscaled Compressed Oops mode in which the Java heap is
#     placed in the first 4GB address space. The Java Heap base address is the
#     maximum limit for the native heap growth. Please use -XX:HeapBaseMinAddress
#     to set the Java Heap base and to place the Java Heap above 4GB virtual address.
# This output file may be truncated or incomplete.
#
#  Out of Memory Error (arena.cpp:191), pid=15768, tid=8544
#
# JRE version: OpenJDK Runtime Environment Temurin-17.0.13+11 (17.0.13+11) (build 17.0.13+11)
# Java VM: OpenJDK 64-Bit Server VM Temurin-17.0.13+11 (17.0.13+11, mixed mode, sharing, tiered, compressed oops, compressed class ptrs, g1 gc, windows-amd64)
# No core dump will be written. Minidumps are not enabled by default on client versions of Windows
#

---------------  S U M M A R Y ------------

Command Line: -Dfile.encoding=UTF-8 --module-path=D:\gitt\Online-Quiz-Application\Quiz Application\build\classes quiz.application.Login

Host: AMD Ryzen 5 5600H with Radeon Graphics         , 12 cores, 7G,  Windows 11 , 64 bit Build 26100 (10.0.26100.3912)
Time: Fri May  2 13:21:46 2025 India Standard Time elapsed time: 6024.836520 seconds (0d 1h 40m 24s)

---------------  T H R E A D  ---------------

Current thread (0x000002b62a248290):  JavaThread "C2 CompilerThread0" daemon [_thread_in_native, id=8544, stack(0x000000be47000000,0x000000be47100000)]


Current CompileTask:
C2:6024836 1091 % !   4       sun.java2d.d3d.D3DScreenUpdateManager::run @ 105 (267 bytes)

Stack: [0x000000be47000000,0x000000be47100000]
Native frames: (J=compiled Java code, j=interpreted, Vv=VM code, C=native code)
V  [jvm.dll+0x682a19]
V  [jvm.dll+0x839538]
V  [jvm.dll+0x83afe3]
V  [jvm.dll+0x83b653]
V  [jvm.dll+0x24704f]
V  [jvm.dll+0xace34]
V  [jvm.dll+0xad4cc]
V  [jvm.dll+0x36597e]
V  [jvm.dll+0x32fbd8]
V  [jvm.dll+0x32f05a]
V  [jvm.dll+0x21804f]
V  [jvm.dll+0x21748f]
V  [jvm.dll+0x1a3070]
V  [jvm.dll+0x22788c]
V  [jvm.dll+0x2259eb]
V  [jvm.dll+0x7eec98]
V  [jvm.dll+0x7e8ffc]
V  [jvm.dll+0x6818f7]
C  [ucrtbase.dll+0x37b0]
C  [KERNEL32.DLL+0x2e8d7]
C  [ntdll.dll+0x9c5dc]


---------------  P R O C E S S  ---------------

Threads class SMR info:
_java_thread_list=0x000002b6703de850, length=17, elements={
0x000002b62a222fa0, 0x000002b62a2244d0, 0x000002b62a23b600, 0x000002b62a23bfc0,
0x000002b62a23e060, 0x000002b62a246a30, 0x000002b62a248290, 0x000002b62a2487b0,
0x000002b62a248cd0, 0x000002b62a473040, 0x000002b62a470cd0, 0x000002b62a473550,
0x000002b62a472620, 0x000002b62a4702b0, 0x000002b62a472b30, 0x000002b62a4707c0,
0x000002b62a4711e0
}

Java Threads: ( => current thread )
  0x000002b62a222fa0 JavaThread "Reference Handler" daemon [_thread_blocked, id=12456, stack(0x000000be46a00000,0x000000be46b00000)]
  0x000002b62a2244d0 JavaThread "Finalizer" daemon [_thread_blocked, id=15196, stack(0x000000be46b00000,0x000000be46c00000)]
  0x000002b62a23b600 JavaThread "Signal Dispatcher" daemon [_thread_blocked, id=11064, stack(0x000000be46c00000,0x000000be46d00000)]
  0x000002b62a23bfc0 JavaThread "Attach Listener" daemon [_thread_blocked, id=6960, stack(0x000000be46d00000,0x000000be46e00000)]
  0x000002b62a23e060 JavaThread "Service Thread" daemon [_thread_blocked, id=15788, stack(0x000000be46e00000,0x000000be46f00000)]
  0x000002b62a246a30 JavaThread "Monitor Deflation Thread" daemon [_thread_blocked, id=7248, stack(0x000000be46f00000,0x000000be47000000)]
=>0x000002b62a248290 JavaThread "C2 CompilerThread0" daemon [_thread_in_native, id=8544, stack(0x000000be47000000,0x000000be47100000)]
  0x000002b62a2487b0 JavaThread "C1 CompilerThread0" daemon [_thread_blocked, id=5196, stack(0x000000be47100000,0x000000be47200000)]
  0x000002b62a248cd0 JavaThread "Sweeper thread" daemon [_thread_blocked, id=11944, stack(0x000000be47200000,0x000000be47300000)]
  0x000002b62a473040 JavaThread "Common-Cleaner" daemon [_thread_blocked, id=3572, stack(0x000000be47300000,0x000000be47400000)]
  0x000002b62a470cd0 JavaThread "Notification Thread" daemon [_thread_blocked, id=12200, stack(0x000000be47400000,0x000000be47500000)]
  0x000002b62a473550 JavaThread "Java2D Disposer" daemon [_thread_blocked, id=12264, stack(0x000000be47600000,0x000000be47700000)]
  0x000002b62a472620 JavaThread "AWT-Shutdown" [_thread_blocked, id=6056, stack(0x000000be47700000,0x000000be47800000)]
  0x000002b62a4702b0 JavaThread "AWT-Windows" daemon [_thread_in_native, id=10792, stack(0x000000be47800000,0x000000be47900000)]
  0x000002b62a472b30 JavaThread "AWT-EventQueue-0" [_thread_blocked, id=9868, stack(0x000000be48500000,0x000000be48600000)]
  0x000002b62a4707c0 JavaThread "DestroyJavaVM" [_thread_blocked, id=14976, stack(0x000000be46300000,0x000000be46400000)]
  0x000002b62a4711e0 JavaThread "D3D Screen Updater" daemon [_thread_blocked, id=14916, stack(0x000000be48700000,0x000000be48800000)]

Other Threads:
  0x000002b62a21cff0 VMThread "VM Thread" [stack: 0x000000be46900000,0x000000be46a00000] [id=7076]
  0x000002b62a4e2160 WatcherThread [stack: 0x000000be47500000,0x000000be47600000] [id=8672]
  0x000002b60bfdfc10 GCTaskThread "GC Thread#0" [stack: 0x000000be46400000,0x000000be46500000] [id=9828]
  0x000002b60bfef800 ConcurrentGCThread "G1 Main Marker" [stack: 0x000000be46500000,0x000000be46600000] [id=2272]
  0x000002b60bff0d90 ConcurrentGCThread "G1 Conc#0" [stack: 0x000000be46600000,0x000000be46700000] [id=8912]
  0x000002b60c03d910 ConcurrentGCThread "G1 Refine#0" [stack: 0x000000be46700000,0x000000be46800000] [id=10996]
  0x000002b60c03e0e0 ConcurrentGCThread "G1 Service" [stack: 0x000000be46800000,0x000000be46900000] [id=16228]

Threads with active compile tasks:
C2 CompilerThread0  6024872 1091 % !   4       sun.java2d.d3d.D3DScreenUpdateManager::run @ 105 (267 bytes)

VM state: not at safepoint (normal execution)

VM Mutex/Monitor currently owned by a thread: None

Heap address: 0x000000008a600000, size: 1882 MB, Compressed Oops mode: 32-bit

CDS archive(s) mapped at: [0x000002b62b000000-0x000002b62bbb0000-0x000002b62bbb0000), size 12255232, SharedBaseAddress: 0x000002b62b000000, ArchiveRelocationMode: 1.
Compressed class space mapped at: 0x000002b62c000000-0x000002b66c000000, reserved size: 1073741824
Narrow klass base: 0x000002b62b000000, Narrow klass shift: 0, Narrow klass range: 0x100000000

GC Precious Log:
 CPUs: 12 total, 12 available
 Memory: 7521M
 Large Page Support: Disabled
 NUMA Support: Disabled
 Compressed Oops: Enabled (32-bit)
 Heap Region Size: 1M
 Heap Min Capacity: 8M
 Heap Initial Capacity: 118M
 Heap Max Capacity: 1882M
 Pre-touch: Disabled
 Parallel Workers: 10
 Concurrent Workers: 3
 Concurrent Refinement Workers: 10
 Periodic GC: Disabled

Heap:
 garbage-first heap   total 120832K, used 14336K [0x000000008a600000, 0x0000000100000000)
  region size 1024K, 13 young (13312K), 0 survivors (0K)
 Metaspace       used 7221K, committed 7424K, reserved 1114112K
  class space    used 783K, committed 896K, reserved 1048576K

Heap Regions: E=young(eden), S=young(survivor), O=old, HS=humongous(starts), HC=humongous(continues), CS=collection set, F=free, OA=open archive, CA=closed archive, TAMS=top-at-mark-start (previous, next)
|   0|0x000000008a600000, 0x000000008a700000, 0x000000008a700000|100%|HS|  |TAMS 0x000000008a600000, 0x000000008a600000| Complete 
|   1|0x000000008a700000, 0x000000008a800000, 0x000000008a800000|100%|HC|  |TAMS 0x000000008a700000, 0x000000008a700000| Complete 
|   2|0x000000008a800000, 0x000000008a800000, 0x000000008a900000|  0%| F|  |TAMS 0x000000008a800000, 0x000000008a800000| Untracked 
|   3|0x000000008a900000, 0x000000008a900000, 0x000000008aa00000|  0%| F|  |TAMS 0x000000008a900000, 0x000000008a900000| Untracked 
|   4|0x000000008aa00000, 0x000000008aa00000, 0x000000008ab00000|  0%| F|  |TAMS 0x000000008aa00000, 0x000000008aa00000| Untracked 
|   5|0x000000008ab00000, 0x000000008ab00000, 0x000000008ac00000|  0%| F|  |TAMS 0x000000008ab00000, 0x000000008ab00000| Untracked 
|   6|0x000000008ac00000, 0x000000008ac00000, 0x000000008ad00000|  0%| F|  |TAMS 0x000000008ac00000, 0x000000008ac00000| Untracked 
|   7|0x000000008ad00000, 0x000000008ad00000, 0x000000008ae00000|  0%| F|  |TAMS 0x000000008ad00000, 0x000000008ad00000| Untracked 
|   8|0x000000008ae00000, 0x000000008ae00000, 0x000000008af00000|  0%| F|  |TAMS 0x000000008ae00000, 0x000000008ae00000| Untracked 
|   9|0x000000008af00000, 0x000000008af00000, 0x000000008b000000|  0%| F|  |TAMS 0x000000008af00000, 0x000000008af00000| Untracked 
|  10|0x000000008b000000, 0x000000008b000000, 0x000000008b100000|  0%| F|  |TAMS 0x000000008b000000, 0x000000008b000000| Untracked 
|  11|0x000000008b100000, 0x000000008b100000, 0x000000008b200000|  0%| F|  |TAMS 0x000000008b100000, 0x000000008b100000| Untracked 
|  12|0x000000008b200000, 0x000000008b200000, 0x000000008b300000|  0%| F|  |TAMS 0x000000008b200000, 0x000000008b200000| Untracked 
|  13|0x000000008b300000, 0x000000008b300000, 0x000000008b400000|  0%| F|  |TAMS 0x000000008b300000, 0x000000008b300000| Untracked 
|  14|0x000000008b400000, 0x000000008b400000, 0x000000008b500000|  0%| F|  |TAMS 0x000000008b400000, 0x000000008b400000| Untracked 
|  15|0x000000008b500000, 0x000000008b500000, 0x000000008b600000|  0%| F|  |TAMS 0x000000008b500000, 0x000000008b500000| Untracked 
|  16|0x000000008b600000, 0x000000008b600000, 0x000000008b700000|  0%| F|  |TAMS 0x000000008b600000, 0x000000008b600000| Untracked 
|  17|0x000000008b700000, 0x000000008b700000, 0x000000008b800000|  0%| F|  |TAMS 0x000000008b700000, 0x000000008b700000| Untracked 
|  18|0x000000008b800000, 0x000000008b800000, 0x000000008b900000|  0%| F|  |TAMS 0x000000008b800000, 0x000000008b800000| Untracked 
|  19|0x000000008b900000, 0x000000008b900000, 0x000000008ba00000|  0%| F|  |TAMS 0x000000008b900000, 0x000000008b900000| Untracked 
|  20|0x000000008ba00000, 0x000000008ba00000, 0x000000008bb00000|  0%| F|  |TAMS 0x000000008ba00000, 0x000000008ba00000| Untracked 
|  21|0x000000008bb00000, 0x000000008bb00000, 0x000000008bc00000|  0%| F|  |TAMS 0x000000008bb00000, 0x000000008bb00000| Untracked 
|  22|0x000000008bc00000, 0x000000008bc00000, 0x000000008bd00000|  0%| F|  |TAMS 0x000000008bc00000, 0x000000008bc00000| Untracked 
|  23|0x000000008bd00000, 0x000000008bd00000, 0x000000008be00000|  0%| F|  |TAMS 0x000000008bd00000, 0x000000008bd00000| Untracked 
|  24|0x000000008be00000, 0x000000008be00000, 0x000000008bf00000|  0%| F|  |TAMS 0x000000008be00000, 0x000000008be00000| Untracked 
|  25|0x000000008bf00000, 0x000000008bf00000, 0x000000008c000000|  0%| F|  |TAMS 0x000000008bf00000, 0x000000008bf00000| Untracked 
|  26|0x000000008c000000, 0x000000008c000000, 0x000000008c100000|  0%| F|  |TAMS 0x000000008c000000, 0x000000008c000000| Untracked 
|  27|0x000000008c100000, 0x000000008c100000, 0x000000008c200000|  0%| F|  |TAMS 0x000000008c100000, 0x000000008c100000| Untracked 
|  28|0x000000008c200000, 0x000000008c200000, 0x000000008c300000|  0%| F|  |TAMS 0x000000008c200000, 0x000000008c200000| Untracked 
|  29|0x000000008c300000, 0x000000008c300000, 0x000000008c400000|  0%| F|  |TAMS 0x000000008c300000, 0x000000008c300000| Untracked 
|  30|0x000000008c400000, 0x000000008c400000, 0x000000008c500000|  0%| F|  |TAMS 0x000000008c400000, 0x000000008c400000| Untracked 
|  31|0x000000008c500000, 0x000000008c500000, 0x000000008c600000|  0%| F|  |TAMS 0x000000008c500000, 0x000000008c500000| Untracked 
|  32|0x000000008c600000, 0x000000008c600000, 0x000000008c700000|  0%| F|  |TAMS 0x000000008c600000, 0x000000008c600000| Untracked 
|  33|0x000000008c700000, 0x000000008c700000, 0x000000008c800000|  0%| F|  |TAMS 0x000000008c700000, 0x000000008c700000| Untracked 
|  34|0x000000008c800000, 0x000000008c800000, 0x000000008c900000|  0%| F|  |TAMS 0x000000008c800000, 0x000000008c800000| Untracked 
|  35|0x000000008c900000, 0x000000008c900000, 0x000000008ca00000|  0%| F|  |TAMS 0x000000008c900000, 0x000000008c900000| Untracked 
|  36|0x000000008ca00000, 0x000000008ca00000, 0x000000008cb00000|  0%| F|  |TAMS 0x000000008ca00000, 0x000000008ca00000| Untracked 
|  37|0x000000008cb00000, 0x000000008cb00000, 0x000000008cc00000|  0%| F|  |TAMS 0x000000008cb00000, 0x000000008cb00000| Untracked 
|  38|0x000000008cc00000, 0x000000008cc00000, 0x000000008cd00000|  0%| F|  |TAMS 0x000000008cc00000, 0x000000008cc00000| Untracked 
|  39|0x000000008cd00000, 0x000000008cd00000, 0x000000008ce00000|  0%| F|  |TAMS 0x000000008cd00000, 0x000000008cd00000| Untracked 
|  40|0x000000008ce00000, 0x000000008ce00000, 0x000000008cf00000|  0%| F|  |TAMS 0x000000008ce00000, 0x000000008ce00000| Untracked 
|  41|0x000000008cf00000, 0x000000008cf00000, 0x000000008d000000|  0%| F|  |TAMS 0x000000008cf00000, 0x000000008cf00000| Untracked 
|  42|0x000000008d000000, 0x000000008d000000, 0x000000008d100000|  0%| F|  |TAMS 0x000000008d000000, 0x000000008d000000| Untracked 
|  43|0x000000008d100000, 0x000000008d100000, 0x000000008d200000|  0%| F|  |TAMS 0x000000008d100000, 0x000000008d100000| Untracked 
|  44|0x000000008d200000, 0x000000008d200000, 0x000000008d300000|  0%| F|  |TAMS 0x000000008d200000, 0x000000008d200000| Untracked 
|  45|0x000000008d300000, 0x000000008d300000, 0x000000008d400000|  0%| F|  |TAMS 0x000000008d300000, 0x000000008d300000| Untracked 
|  46|0x000000008d400000, 0x000000008d400000, 0x000000008d500000|  0%| F|  |TAMS 0x000000008d400000, 0x000000008d400000| Untracked 
|  47|0x000000008d500000, 0x000000008d500000, 0x000000008d600000|  0%| F|  |TAMS 0x000000008d500000, 0x000000008d500000| Untracked 
|  48|0x000000008d600000, 0x000000008d600000, 0x000000008d700000|  0%| F|  |TAMS 0x000000008d600000, 0x000000008d600000| Untracked 
|  49|0x000000008d700000, 0x000000008d700000, 0x000000008d800000|  0%| F|  |TAMS 0x000000008d700000, 0x000000008d700000| Untracked 
|  50|0x000000008d800000, 0x000000008d800000, 0x000000008d900000|  0%| F|  |TAMS 0x000000008d800000, 0x000000008d800000| Untracked 
|  51|0x000000008d900000, 0x000000008d900000, 0x000000008da00000|  0%| F|  |TAMS 0x000000008d900000, 0x000000008d900000| Untracked 
|  52|0x000000008da00000, 0x000000008da00000, 0x000000008db00000|  0%| F|  |TAMS 0x000000008da00000, 0x000000008da00000| Untracked 
|  53|0x000000008db00000, 0x000000008db00000, 0x000000008dc00000|  0%| F|  |TAMS 0x000000008db00000, 0x000000008db00000| Untracked 
|  54|0x000000008dc00000, 0x000000008dc00000, 0x000000008dd00000|  0%| F|  |TAMS 0x000000008dc00000, 0x000000008dc00000| Untracked 
|  55|0x000000008dd00000, 0x000000008dd00000, 0x000000008de00000|  0%| F|  |TAMS 0x000000008dd00000, 0x000000008dd00000| Untracked 
|  56|0x000000008de00000, 0x000000008de00000, 0x000000008df00000|  0%| F|  |TAMS 0x000000008de00000, 0x000000008de00000| Untracked 
|  57|0x000000008df00000, 0x000000008df00000, 0x000000008e000000|  0%| F|  |TAMS 0x000000008df00000, 0x000000008df00000| Untracked 
|  58|0x000000008e000000, 0x000000008e000000, 0x000000008e100000|  0%| F|  |TAMS 0x000000008e000000, 0x000000008e000000| Untracked 
|  59|0x000000008e100000, 0x000000008e100000, 0x000000008e200000|  0%| F|  |TAMS 0x000000008e100000, 0x000000008e100000| Untracked 
|  60|0x000000008e200000, 0x000000008e200000, 0x000000008e300000|  0%| F|  |TAMS 0x000000008e200000, 0x000000008e200000| Untracked 
|  61|0x000000008e300000, 0x000000008e300000, 0x000000008e400000|  0%| F|  |TAMS 0x000000008e300000, 0x000000008e300000| Untracked 
|  62|0x000000008e400000, 0x000000008e400000, 0x000000008e500000|  0%| F|  |TAMS 0x000000008e400000, 0x000000008e400000| Untracked 
|  63|0x000000008e500000, 0x000000008e500000, 0x000000008e600000|  0%| F|  |TAMS 0x000000008e500000, 0x000000008e500000| Untracked 
|  64|0x000000008e600000, 0x000000008e600000, 0x000000008e700000|  0%| F|  |TAMS 0x000000008e600000, 0x000000008e600000| Untracked 
|  65|0x000000008e700000, 0x000000008e700000, 0x000000008e800000|  0%| F|  |TAMS 0x000000008e700000, 0x000000008e700000| Untracked 
|  66|0x000000008e800000, 0x000000008e800000, 0x000000008e900000|  0%| F|  |TAMS 0x000000008e800000, 0x000000008e800000| Untracked 
|  67|0x000000008e900000, 0x000000008e900000, 0x000000008ea00000|  0%| F|  |TAMS 0x000000008e900000, 0x000000008e900000| Untracked 
|  68|0x000000008ea00000, 0x000000008ea00000, 0x000000008eb00000|  0%| F|  |TAMS 0x000000008ea00000, 0x000000008ea00000| Untracked 
|  69|0x000000008eb00000, 0x000000008eb00000, 0x000000008ec00000|  0%| F|  |TAMS 0x000000008eb00000, 0x000000008eb00000| Untracked 
|  70|0x000000008ec00000, 0x000000008ec00000, 0x000000008ed00000|  0%| F|  |TAMS 0x000000008ec00000, 0x000000008ec00000| Untracked 
|  71|0x000000008ed00000, 0x000000008ed00000, 0x000000008ee00000|  0%| F|  |TAMS 0x000000008ed00000, 0x000000008ed00000| Untracked 
|  72|0x000000008ee00000, 0x000000008ee00000, 0x000000008ef00000|  0%| F|  |TAMS 0x000000008ee00000, 0x000000008ee00000| Untracked 
|  73|0x000000008ef00000, 0x000000008ef00000, 0x000000008f000000|  0%| F|  |TAMS 0x000000008ef00000, 0x000000008ef00000| Untracked 
|  74|0x000000008f000000, 0x000000008f000000, 0x000000008f100000|  0%| F|  |TAMS 0x000000008f000000, 0x000000008f000000| Untracked 
|  75|0x000000008f100000, 0x000000008f100000, 0x000000008f200000|  0%| F|  |TAMS 0x000000008f100000, 0x000000008f100000| Untracked 
|  76|0x000000008f200000, 0x000000008f200000, 0x000000008f300000|  0%| F|  |TAMS 0x000000008f200000, 0x000000008f200000| Untracked 
|  77|0x000000008f300000, 0x000000008f300000, 0x000000008f400000|  0%| F|  |TAMS 0x000000008f300000, 0x000000008f300000| Untracked 
|  78|0x000000008f400000, 0x000000008f400000, 0x000000008f500000|  0%| F|  |TAMS 0x000000008f400000, 0x000000008f400000| Untracked 
|  79|0x000000008f500000, 0x000000008f500000, 0x000000008f600000|  0%| F|  |TAMS 0x000000008f500000, 0x000000008f500000| Untracked 
|  80|0x000000008f600000, 0x000000008f600000, 0x000000008f700000|  0%| F|  |TAMS 0x000000008f600000, 0x000000008f600000| Untracked 
|  81|0x000000008f700000, 0x000000008f700000, 0x000000008f800000|  0%| F|  |TAMS 0x000000008f700000, 0x000000008f700000| Untracked 
|  82|0x000000008f800000, 0x000000008f800000, 0x000000008f900000|  0%| F|  |TAMS 0x000000008f800000, 0x000000008f800000| Untracked 
|  83|0x000000008f900000, 0x000000008f900000, 0x000000008fa00000|  0%| F|  |TAMS 0x000000008f900000, 0x000000008f900000| Untracked 
|  84|0x000000008fa00000, 0x000000008fa00000, 0x000000008fb00000|  0%| F|  |TAMS 0x000000008fa00000, 0x000000008fa00000| Untracked 
|  85|0x000000008fb00000, 0x000000008fb00000, 0x000000008fc00000|  0%| F|  |TAMS 0x000000008fb00000, 0x000000008fb00000| Untracked 
|  86|0x000000008fc00000, 0x000000008fc00000, 0x000000008fd00000|  0%| F|  |TAMS 0x000000008fc00000, 0x000000008fc00000| Untracked 
|  87|0x000000008fd00000, 0x000000008fd00000, 0x000000008fe00000|  0%| F|  |TAMS 0x000000008fd00000, 0x000000008fd00000| Untracked 
|  88|0x000000008fe00000, 0x000000008fe00000, 0x000000008ff00000|  0%| F|  |TAMS 0x000000008fe00000, 0x000000008fe00000| Untracked 
|  89|0x000000008ff00000, 0x000000008ff00000, 0x0000000090000000|  0%| F|  |TAMS 0x000000008ff00000, 0x000000008ff00000| Untracked 
|  90|0x0000000090000000, 0x0000000090000000, 0x0000000090100000|  0%| F|  |TAMS 0x0000000090000000, 0x0000000090000000| Untracked 
|  91|0x0000000090100000, 0x0000000090100000, 0x0000000090200000|  0%| F|  |TAMS 0x0000000090100000, 0x0000000090100000| Untracked 
|  92|0x0000000090200000, 0x0000000090200000, 0x0000000090300000|  0%| F|  |TAMS 0x0000000090200000, 0x0000000090200000| Untracked 
|  93|0x0000000090300000, 0x0000000090300000, 0x0000000090400000|  0%| F|  |TAMS 0x0000000090300000, 0x0000000090300000| Untracked 
|  94|0x0000000090400000, 0x0000000090400000, 0x0000000090500000|  0%| F|  |TAMS 0x0000000090400000, 0x0000000090400000| Untracked 
|  95|0x0000000090500000, 0x0000000090500000, 0x0000000090600000|  0%| F|  |TAMS 0x0000000090500000, 0x0000000090500000| Untracked 
|  96|0x0000000090600000, 0x0000000090600000, 0x0000000090700000|  0%| F|  |TAMS 0x0000000090600000, 0x0000000090600000| Untracked 
|  97|0x0000000090700000, 0x0000000090700000, 0x0000000090800000|  0%| F|  |TAMS 0x0000000090700000, 0x0000000090700000| Untracked 
|  98|0x0000000090800000, 0x0000000090800000, 0x0000000090900000|  0%| F|  |TAMS 0x0000000090800000, 0x0000000090800000| Untracked 
|  99|0x0000000090900000, 0x0000000090900000, 0x0000000090a00000|  0%| F|  |TAMS 0x0000000090900000, 0x0000000090900000| Untracked 
| 100|0x0000000090a00000, 0x0000000090a00000, 0x0000000090b00000|  0%| F|  |TAMS 0x0000000090a00000, 0x0000000090a00000| Untracked 
| 101|0x0000000090b00000, 0x0000000090b00000, 0x0000000090c00000|  0%| F|  |TAMS 0x0000000090b00000, 0x0000000090b00000| Untracked 
| 102|0x0000000090c00000, 0x0000000090c00000, 0x0000000090d00000|  0%| F|  |TAMS 0x0000000090c00000, 0x0000000090c00000| Untracked 
| 103|0x0000000090d00000, 0x0000000090d00000, 0x0000000090e00000|  0%| F|  |TAMS 0x0000000090d00000, 0x0000000090d00000| Untracked 
| 104|0x0000000090e00000, 0x0000000090e00000, 0x0000000090f00000|  0%| F|  |TAMS 0x0000000090e00000, 0x0000000090e00000| Untracked 
| 105|0x0000000090f00000, 0x0000000090feb878, 0x0000000091000000| 92%| E|  |TAMS 0x0000000090f00000, 0x0000000090f00000| Complete 
| 106|0x0000000091000000, 0x0000000091100000, 0x0000000091100000|100%| E|CS|TAMS 0x0000000091000000, 0x0000000091000000| Complete 
| 107|0x0000000091100000, 0x0000000091200000, 0x0000000091200000|100%| E|CS|TAMS 0x0000000091100000, 0x0000000091100000| Complete 
| 108|0x0000000091200000, 0x0000000091300000, 0x0000000091300000|100%| E|CS|TAMS 0x0000000091200000, 0x0000000091200000| Complete 
| 109|0x0000000091300000, 0x0000000091400000, 0x0000000091400000|100%| E|CS|TAMS 0x0000000091300000, 0x0000000091300000| Complete 
| 110|0x0000000091400000, 0x0000000091500000, 0x0000000091500000|100%| E|CS|TAMS 0x0000000091400000, 0x0000000091400000| Complete 
| 111|0x0000000091500000, 0x0000000091600000, 0x0000000091600000|100%| E|CS|TAMS 0x0000000091500000, 0x0000000091500000| Complete 
| 112|0x0000000091600000, 0x0000000091700000, 0x0000000091700000|100%| E|CS|TAMS 0x0000000091600000, 0x0000000091600000| Complete 
| 113|0x0000000091700000, 0x0000000091800000, 0x0000000091800000|100%| E|CS|TAMS 0x0000000091700000, 0x0000000091700000| Complete 
| 114|0x0000000091800000, 0x0000000091900000, 0x0000000091900000|100%| E|CS|TAMS 0x0000000091800000, 0x0000000091800000| Complete 
| 115|0x0000000091900000, 0x0000000091a00000, 0x0000000091a00000|100%| E|CS|TAMS 0x0000000091900000, 0x0000000091900000| Complete 
| 116|0x0000000091a00000, 0x0000000091b00000, 0x0000000091b00000|100%| E|CS|TAMS 0x0000000091a00000, 0x0000000091a00000| Complete 
| 117|0x0000000091b00000, 0x0000000091c00000, 0x0000000091c00000|100%| E|CS|TAMS 0x0000000091b00000, 0x0000000091b00000| Complete 

Card table byte_map: [0x000002b6233c0000,0x000002b623770000] _byte_map_base: 0x000002b622f6d000

Marking Bits (Prev, Next): (CMBitMap*) 0x000002b60bfe0230, (CMBitMap*) 0x000002b60bfe0270
 Prev Bits: [0x000002b623b20000, 0x000002b625888000)
 Next Bits: [0x000002b625890000, 0x000002b6275f8000)

Polling page: 0x000002b609c40000

Metaspace:

Usage:
  Non-class:      6.29 MB used.
      Class:    783.59 KB used.
       Both:      7.05 MB used.

Virtual space:
  Non-class space:       64.00 MB reserved,       6.38 MB ( 10%) committed,  1 nodes.
      Class space:        1.00 GB reserved,     896.00 KB ( <1%) committed,  1 nodes.
             Both:        1.06 GB reserved,       7.25 MB ( <1%) committed. 

Chunk freelists:
   Non-Class:  9.00 MB
       Class:  15.12 MB
        Both:  24.12 MB

MaxMetaspaceSize: unlimited
CompressedClassSpaceSize: 1.00 GB
Initial GC threshold: 21.00 MB
Current GC threshold: 21.00 MB
CDS: on
MetaspaceReclaimPolicy: balanced
 - commit_granule_bytes: 65536.
 - commit_granule_words: 8192.
 - virtual_space_node_default_size: 8388608.
 - enlarge_chunks_in_place: 1.
 - new_chunks_are_fully_committed: 0.
 - uncommit_free_chunks: 1.
 - use_allocation_guard: 0.
 - handle_deallocations: 1.


Internal statistics:

num_allocs_failed_limit: 0.
num_arena_births: 118.
num_arena_deaths: 0.
num_vsnodes_births: 2.
num_vsnodes_deaths: 0.
num_space_committed: 116.
num_space_uncommitted: 0.
num_chunks_returned_to_freelist: 0.
num_chunks_taken_from_freelist: 168.
num_chunk_merges: 0.
num_chunk_splits: 89.
num_chunks_enlarged: 21.
num_inconsistent_stats: 0.

CodeHeap 'non-profiled nmethods': size=120000Kb used=318Kb max_used=318Kb free=119681Kb
 bounds [0x000002b61b590000, 0x000002b61b800000, 0x000002b622ac0000]
CodeHeap 'profiled nmethods': size=120000Kb used=1910Kb max_used=1910Kb free=118090Kb
 bounds [0x000002b613ac0000, 0x000002b613d30000, 0x000002b61aff0000]
CodeHeap 'non-nmethods': size=5760Kb used=1268Kb max_used=1285Kb free=4492Kb
 bounds [0x000002b61aff0000, 0x000002b61b260000, 0x000002b61b590000]
 total_blobs=1682 nmethods=1090 adapters=505
 compilation: enabled
              stopped_count=0, restarted_count=0
 full_count=0

Compilation events (20 events):
Event: 463.070 Thread 0x000002b62a2487b0 nmethod 1080 0x000002b613c95a10 code [0x000002b613c95bc0, 0x000002b613c95d68]
Event: 471.350 Thread 0x000002b62a2487b0 1081       3       java.lang.reflect.Array::newInstance (6 bytes)
Event: 471.350 Thread 0x000002b62a2487b0 nmethod 1081 0x000002b613c95e10 code [0x000002b613c95fa0, 0x000002b613c960a8]
Event: 474.625 Thread 0x000002b62a248290 1082       4       java.util.Arrays::copyOf (40 bytes)
Event: 474.627 Thread 0x000002b62a248290 nmethod 1082 0x000002b61b5dc110 code [0x000002b61b5dc2a0, 0x000002b61b5dc758]
Event: 583.157 Thread 0x000002b62a248290 1083       4       java.util.ArrayList::toArray (57 bytes)
Event: 583.159 Thread 0x000002b62a248290 nmethod 1083 0x000002b61b5dc990 code [0x000002b61b5dcb20, 0x000002b61b5dce78]
Event: 585.990 Thread 0x000002b62a248290 1084       4       sun.java2d.StateTrackableDelegate$1::isCurrent (17 bytes)
Event: 585.990 Thread 0x000002b62a248290 nmethod 1084 0x000002b61b5dd010 code [0x000002b61b5dd180, 0x000002b61b5dd238]
Event: 586.316 Thread 0x000002b62a248290 1085       4       sun.java2d.d3d.D3DSurfaceData$D3DWindowSurfaceData::isDirty (18 bytes)
Event: 586.317 Thread 0x000002b62a248290 nmethod 1085 0x000002b61b5dd310 code [0x000002b61b5dd4a0, 0x000002b61b5dd578]
Event: 597.235 Thread 0x000002b62a248290 1086       4       java.util.ArrayList::toArray (57 bytes)
Event: 597.236 Thread 0x000002b62a248290 nmethod 1086 0x000002b61b5dd690 code [0x000002b61b5dd820, 0x000002b61b5ddc78]
Event: 3290.845 Thread 0x000002b62a2487b0 1087 % !   3       sun.java2d.d3d.D3DScreenUpdateManager::run @ 0 (267 bytes)
Event: 3290.880 Thread 0x000002b62a2487b0 nmethod 1087% 0x000002b613c96190 code [0x000002b613c965e0, 0x000002b613c98d48]
Event: 3346.267 Thread 0x000002b62a2487b0 1088   !   3       sun.java2d.d3d.D3DScreenUpdateManager::run (267 bytes)
Event: 3346.270 Thread 0x000002b62a2487b0 nmethod 1088 0x000002b613c99d10 code [0x000002b613c9a160, 0x000002b613c9c848]
Event: 5519.575 Thread 0x000002b62a248290 1090 % !   4       sun.java2d.d3d.D3DScreenUpdateManager::run @ 0 (267 bytes)
Event: 5519.603 Thread 0x000002b62a248290 nmethod 1090% 0x000002b61b5de210 code [0x000002b61b5de3e0, 0x000002b61b5df138]
Event: 6020.747 Thread 0x000002b62a248290 1091 % !   4       sun.java2d.d3d.D3DScreenUpdateManager::run @ 105 (267 bytes)

GC Heap History (0 events):
No events

Dll operation events (10 events):
Event: 0.005 Loaded shared library C:\Program Files\Eclipse Adoptium\jdk-17.0.13.11-hotspot\bin\java.dll
Event: 0.016 Loaded shared library C:\Program Files\Eclipse Adoptium\jdk-17.0.13.11-hotspot\bin\jsvml.dll
Event: 0.040 Loaded shared library C:\Program Files\Eclipse Adoptium\jdk-17.0.13.11-hotspot\bin\net.dll
Event: 0.041 Loaded shared library C:\Program Files\Eclipse Adoptium\jdk-17.0.13.11-hotspot\bin\nio.dll
Event: 0.057 Loaded shared library C:\Program Files\Eclipse Adoptium\jdk-17.0.13.11-hotspot\bin\jimage.dll
Event: 0.067 Loaded shared library C:\Program Files\Eclipse Adoptium\jdk-17.0.13.11-hotspot\bin\awt.dll
Event: 0.203 Loaded shared library C:\Program Files\Eclipse Adoptium\jdk-17.0.13.11-hotspot\bin\zip.dll
Event: 0.222 Loaded shared library C:\Program Files\Eclipse Adoptium\jdk-17.0.13.11-hotspot\bin\javajpeg.dll
Event: 0.250 Loaded shared library C:\Program Files\Eclipse Adoptium\jdk-17.0.13.11-hotspot\bin\freetype.dll
Event: 0.250 Loaded shared library C:\Program Files\Eclipse Adoptium\jdk-17.0.13.11-hotspot\bin\fontmanager.dll

Deoptimization events (20 events):
Event: 0.333 Thread 0x000002b62a472b30 DEOPT PACKING pc=0x000002b61b5ce06c sp=0x000000be485fd6a0
Event: 0.333 Thread 0x000002b62a472b30 DEOPT UNPACKING pc=0x000002b61b0469a3 sp=0x000000be485fd5b8 mode 2
Event: 0.348 Thread 0x000002b62a472b30 Uncommon trap: trap_request=0xffffffde fr.pc=0x000002b61b5ce06c relative=0x00000000000003ac
Event: 0.348 Thread 0x000002b62a472b30 Uncommon trap: reason=class_check action=maybe_recompile pc=0x000002b61b5ce06c method=java.util.HashMap.getNode(Ljava/lang/Object;)Ljava/util/HashMap$Node; @ 63 c2
Event: 0.348 Thread 0x000002b62a472b30 DEOPT PACKING pc=0x000002b61b5ce06c sp=0x000000be485fd6a0
Event: 0.348 Thread 0x000002b62a472b30 DEOPT UNPACKING pc=0x000002b61b0469a3 sp=0x000000be485fd5b8 mode 2
Event: 0.349 Thread 0x000002b62a472b30 Uncommon trap: trap_request=0xffffffde fr.pc=0x000002b61b5ce06c relative=0x00000000000003ac
Event: 0.349 Thread 0x000002b62a472b30 Uncommon trap: reason=class_check action=maybe_recompile pc=0x000002b61b5ce06c method=java.util.HashMap.getNode(Ljava/lang/Object;)Ljava/util/HashMap$Node; @ 63 c2
Event: 0.349 Thread 0x000002b62a472b30 DEOPT PACKING pc=0x000002b61b5ce06c sp=0x000000be485fd6a0
Event: 0.349 Thread 0x000002b62a472b30 DEOPT UNPACKING pc=0x000002b61b0469a3 sp=0x000000be485fd5b8 mode 2
Event: 460.667 Thread 0x000002b62a4711e0 Uncommon trap: trap_request=0xffffffcc fr.pc=0x000002b61b5dbc60 relative=0x0000000000000240
Event: 460.667 Thread 0x000002b62a4711e0 Uncommon trap: reason=intrinsic_or_type_checked_inlining action=make_not_entrant pc=0x000002b61b5dbc60 method=java.util.Arrays.copyOf([Ljava/lang/Object;ILjava/lang/Class;)[Ljava/lang/Object; @ 35 c2
Event: 460.667 Thread 0x000002b62a4711e0 DEOPT PACKING pc=0x000002b61b5dbc60 sp=0x000000be487ff3a0
Event: 460.667 Thread 0x000002b62a4711e0 DEOPT UNPACKING pc=0x000002b61b0469a3 sp=0x000000be487ff330 mode 2
Event: 583.264 Thread 0x000002b62a4711e0 Uncommon trap: trap_request=0xffffffdc fr.pc=0x000002b61b5dccac relative=0x000000000000018c
Event: 583.264 Thread 0x000002b62a4711e0 Uncommon trap: reason=class_check action=make_not_entrant pc=0x000002b61b5dccac method=java.util.ArrayList.toArray([Ljava/lang/Object;)[Ljava/lang/Object; @ 21 c2
Event: 583.264 Thread 0x000002b62a4711e0 DEOPT PACKING pc=0x000002b61b5dccac sp=0x000000be487ff400
Event: 583.264 Thread 0x000002b62a4711e0 DEOPT UNPACKING pc=0x000002b61b0469a3 sp=0x000000be487ff3c0 mode 2
Event: 5965.064 Thread 0x000002b62a4711e0 DEOPT PACKING pc=0x000002b613c98abb sp=0x000000be487ff3c0
Event: 5965.065 Thread 0x000002b62a4711e0 DEOPT UNPACKING pc=0x000002b61b047143 sp=0x000000be487fe950 mode 0

Classes loaded (20 events):
Event: 0.362 Loading class java/util/concurrent/locks/AbstractQueuedSynchronizer$ConditionNode
Event: 0.362 Loading class java/util/concurrent/ForkJoinPool$ManagedBlocker
Event: 0.362 Loading class java/util/concurrent/ForkJoinPool$ManagedBlocker done
Event: 0.362 Loading class java/util/concurrent/locks/AbstractQueuedSynchronizer$ConditionNode done
Event: 3.098 Loading class java/awt/Canvas
Event: 3.098 Loading class java/awt/Canvas done
Event: 3.099 Loading class java/awt/Scrollbar
Event: 3.099 Loading class java/awt/Adjustable
Event: 3.099 Loading class java/awt/Adjustable done
Event: 3.099 Loading class java/awt/Scrollbar done
Event: 3.099 Loading class java/awt/Panel
Event: 3.099 Loading class java/awt/Panel done
Event: 3.325 Loading class sun/awt/windows/WButtonPeer$1
Event: 3.325 Loading class sun/awt/windows/WButtonPeer$1 done
Event: 3.325 Loading class sun/awt/SunToolkit$2
Event: 3.325 Loading class sun/awt/SunToolkit$2 done
Event: 12.213 Loading class java/awt/KeyboardFocusManager$2
Event: 12.214 Loading class java/awt/KeyboardFocusManager$2 done
Event: 12.214 Loading class sun/awt/SunToolkit$1
Event: 12.214 Loading class sun/awt/SunToolkit$1 done

Classes unloaded (0 events):
No events

Classes redefined (0 events):
No events

Internal exceptions (19 events):
Event: 0.042 Thread 0x000002b60bf84f00 Exception <a 'sun/nio/fs/WindowsException'{0x0000000091aa3ef0}> (0x0000000091aa3ef0) 
thrown [s\src\hotspot\share\prims\jni.cpp, line 516]
Event: 0.042 Thread 0x000002b60bf84f00 Exception <a 'sun/nio/fs/WindowsException'{0x0000000091aa4408}> (0x0000000091aa4408) 
thrown [s\src\hotspot\share\prims\jni.cpp, line 516]
Event: 0.043 Thread 0x000002b60bf84f00 Exception <a 'sun/nio/fs/WindowsException'{0x0000000091aa6600}> (0x0000000091aa6600) 
thrown [s\src\hotspot\share\prims\jni.cpp, line 516]
Event: 0.043 Thread 0x000002b60bf84f00 Exception <a 'sun/nio/fs/WindowsException'{0x0000000091aa7038}> (0x0000000091aa7038) 
thrown [s\src\hotspot\share\prims\jni.cpp, line 516]
Event: 0.061 Thread 0x000002b60bf84f00 Exception <a 'java/lang/ClassNotFoundException'{0x00000000919467c0}: sun/awt/resources/spi/awtProvider> (0x00000000919467c0) 
thrown [s\src\hotspot\share\classfile\systemDictionary.cpp, line 256]
Event: 0.075 Thread 0x000002b60bf84f00 Exception <a 'java/io/FileNotFoundException'{0x0000000091998fe8}> (0x0000000091998fe8) 
thrown [s\src\hotspot\share\prims\jni.cpp, line 516]
Event: 0.080 Thread 0x000002b60bf84f00 Exception <a 'java/io/FileNotFoundException'{0x00000000919c5f28}> (0x00000000919c5f28) 
thrown [s\src\hotspot\share\prims\jni.cpp, line 516]
Event: 0.105 Thread 0x000002b60bf84f00 Exception <a 'java/lang/NoSuchMethodError'{0x000000009180ab08}: 'java.lang.Object java.lang.invoke.DirectMethodHandle$Holder.invokeStaticInit(java.lang.Object)'> (0x000000009180ab08) 
thrown [s\src\hotspot\share\interpreter\linkResolver.cpp, line 759]
Event: 0.160 Thread 0x000002b60bf84f00 Exception <a 'java/lang/NoSuchMethodError'{0x0000000091857ea8}: 'void java.lang.invoke.DirectMethodHandle$Holder.invokeSpecial(java.lang.Object, java.lang.Object, java.lang.Object)'> (0x0000000091857ea8) 
thrown [s\src\hotspot\share\interpreter\linkResolver.cpp, line 759]
Event: 0.165 Thread 0x000002b60bf84f00 Exception <a 'java/lang/NoSuchMethodError'{0x00000000918f7f68}: 'java.lang.Object java.lang.invoke.DirectMethodHandle$Holder.newInvokeSpecial(java.lang.Object, java.lang.Object, java.lang.Object, java.lang.Object, java.lang.Object)'> (0x00000000918f7f68) 
thrown [s\src\hotspot\share\interpreter\linkResolver.cpp, line 759]
Event: 0.166 Thread 0x000002b60bf84f00 Exception <a 'java/lang/NoSuchMethodError'{0x0000000091703b98}: 'java.lang.Object java.lang.invoke.DirectMethodHandle$Holder.invokeStatic(java.lang.Object, int, java.lang.Object, java.lang.Object, java.lang.Object, java.lang.Object)'> (0x0000000091703b98) 
thrown [s\src\hotspot\share\interpreter\linkResolver.cpp, line 759]
Event: 0.169 Thread 0x000002b60bf84f00 Exception <a 'java/lang/NoSuchMethodError'{0x00000000917292c8}: 'java.lang.Object java.lang.invoke.DirectMethodHandle$Holder.invokeStatic(java.lang.Object, int, java.lang.Object)'> (0x00000000917292c8) 
thrown [s\src\hotspot\share\interpreter\linkResolver.cpp, line 759]
Event: 0.186 Thread 0x000002b60bf84f00 Exception <a 'java/lang/ClassNotFoundException'{0x00000000917e08a0}: com/sun/swing/internal/plaf/metal/resources/spi/metalProvider> (0x00000000917e08a0) 
thrown [s\src\hotspot\share\classfile\systemDictionary.cpp, line 256]
Event: 0.187 Thread 0x000002b60bf84f00 Exception <a 'java/lang/ClassNotFoundException'{0x00000000917e4738}: com/sun/swing/internal/plaf/basic/resources/spi/basicProvider> (0x00000000917e4738) 
thrown [s\src\hotspot\share\classfile\systemDictionary.cpp, line 256]
Event: 0.223 Thread 0x000002b62a46fda0 Exception <a 'java/lang/NoSuchMethodError'{0x00000000915ef6f8}: 'java.lang.Object java.lang.invoke.DirectMethodHandle$Holder.newInvokeSpecial(java.lang.Object, java.lang.Object, java.lang.Object, int, int, int, int, int)'> (0x00000000915ef6f8) 
thrown [s\src\hotspot\share\interpreter\linkResolver.cpp, line 759]
Event: 0.236 Thread 0x000002b62a4702b0 Exception <a 'java/lang/NoSuchMethodError'{0x0000000091885c30}: 'void java.lang.invoke.DirectMethodHandle$Holder.invokeVirtual(java.lang.Object, java.lang.Object)'> (0x0000000091885c30) 
thrown [s\src\hotspot\share\interpreter\linkResolver.cpp, line 759]
Event: 0.247 Thread 0x000002b60bf84f00 Exception <a 'java/lang/NoSuchMethodError'{0x000000009162d230}: 'void java.lang.invoke.DirectMethodHandle$Holder.invokeStaticInit(java.lang.Object)'> (0x000000009162d230) 
thrown [s\src\hotspot\share\interpreter\linkResolver.cpp, line 759]
Event: 0.319 Thread 0x000002b62a472b30 Exception <a 'java/io/FileNotFoundException'{0x00000000913cd318}> (0x00000000913cd318) 
thrown [s\src\hotspot\share\prims\jni.cpp, line 516]
Event: 0.325 Thread 0x000002b62a472b30 Exception <a 'java/io/FileNotFoundException'{0x00000000913e9d80}> (0x00000000913e9d80) 
thrown [s\src\hotspot\share\prims\jni.cpp, line 516]

VM Operations (20 events):
Event: 2.369 Executing VM operation: Cleanup
Event: 2.369 Executing VM operation: Cleanup done
Event: 3.325 Executing VM operation: HandshakeAllThreads
Event: 3.325 Executing VM operation: HandshakeAllThreads done
Event: 3.325 Executing VM operation: HandshakeAllThreads
Event: 3.325 Executing VM operation: HandshakeAllThreads done
Event: 4.338 Executing VM operation: Cleanup
Event: 4.338 Executing VM operation: Cleanup done
Event: 7.376 Executing VM operation: Cleanup
Event: 7.376 Executing VM operation: Cleanup done
Event: 8.386 Executing VM operation: Cleanup
Event: 8.386 Executing VM operation: Cleanup done
Event: 9.395 Executing VM operation: Cleanup
Event: 9.395 Executing VM operation: Cleanup done
Event: 12.430 Executing VM operation: Cleanup
Event: 12.430 Executing VM operation: Cleanup done
Event: 60.147 Executing VM operation: HandshakeAllThreads
Event: 60.147 Executing VM operation: HandshakeAllThreads done
Event: 586.599 Executing VM operation: Cleanup
Event: 586.599 Executing VM operation: Cleanup done

Memory protections (0 events):
No events

Nmethod flushes (0 events):
No events

Events (20 events):
Event: 0.022 Thread 0x000002b60bf84f00 Thread added: 0x000002b62a23b600
Event: 0.022 Thread 0x000002b60bf84f00 Thread added: 0x000002b62a23bfc0
Event: 0.022 Thread 0x000002b60bf84f00 Thread added: 0x000002b62a23e060
Event: 0.022 Thread 0x000002b60bf84f00 Thread added: 0x000002b62a246a30
Event: 0.022 Thread 0x000002b60bf84f00 Thread added: 0x000002b62a248290
Event: 0.023 Thread 0x000002b60bf84f00 Thread added: 0x000002b62a2487b0
Event: 0.023 Thread 0x000002b60bf84f00 Thread added: 0x000002b62a248cd0
Event: 0.033 Thread 0x000002b60bf84f00 Thread added: 0x000002b62a473040
Event: 0.051 Thread 0x000002b60bf84f00 Thread added: 0x000002b62a470cd0
Event: 0.106 Thread 0x000002b60bf84f00 Thread added: 0x000002b62a473550
Event: 0.106 Thread 0x000002b60bf84f00 Thread added: 0x000002b62a472620
Event: 0.107 Thread 0x000002b60bf84f00 Thread added: 0x000002b62a4702b0
Event: 0.195 Thread 0x000002b60bf84f00 Thread added: 0x000002b62a46fda0
Event: 0.220 Thread 0x000002b62a2487b0 Thread added: 0x000002b67024f8c0
Event: 0.236 Thread 0x000002b62a4702b0 Thread added: 0x000002b62a472b30
Event: 0.302 Thread 0x000002b60bf84f00 Thread exited: 0x000002b60bf84f00
Event: 0.302 Thread 0x000002b62a4707c0 Thread added: 0x000002b62a4707c0
Event: 0.305 Thread 0x000002b62a472b30 Thread added: 0x000002b62a4711e0
Event: 0.448 Thread 0x000002b67024f8c0 Thread exited: 0x000002b67024f8c0
Event: 5.245 Thread 0x000002b62a46fda0 Thread exited: 0x000002b62a46fda0


Dynamic libraries:
0x00007ff6181b0000 - 0x00007ff6181be000 	C:\Program Files\Eclipse Adoptium\jdk-17.0.13.11-hotspot\bin\java.exe
0x00007fffc7a60000 - 0x00007fffc7cc6000 	C:\WINDOWS\SYSTEM32\ntdll.dll
0x00007fffc5f90000 - 0x00007fffc6059000 	C:\WINDOWS\System32\KERNEL32.DLL
0x00007fffc4d50000 - 0x00007fffc511c000 	C:\WINDOWS\System32\KERNELBASE.dll
0x00007fffc5120000 - 0x00007fffc526b000 	C:\WINDOWS\System32\ucrtbase.dll
0x00007fffbe8f0000 - 0x00007fffbe90e000 	C:\Program Files\Eclipse Adoptium\jdk-17.0.13.11-hotspot\bin\VCRUNTIME140.dll
0x00007fffa32b0000 - 0x00007fffa32c7000 	C:\Program Files\Eclipse Adoptium\jdk-17.0.13.11-hotspot\bin\jli.dll
0x00007fffc6cf0000 - 0x00007fffc6eba000 	C:\WINDOWS\System32\USER32.dll
0x00007fffabb90000 - 0x00007fffabe2a000 	C:\WINDOWS\WinSxS\amd64_microsoft.windows.common-controls_6595b64144ccf1df_6.0.26100.3912_none_3e07963ce335137e\COMCTL32.dll
0x00007fffc4c80000 - 0x00007fffc4ca7000 	C:\WINDOWS\System32\win32u.dll
0x00007fffc6570000 - 0x00007fffc6619000 	C:\WINDOWS\System32\msvcrt.dll
0x00007fffc5890000 - 0x00007fffc58bb000 	C:\WINDOWS\System32\GDI32.dll
0x00007fffc56e0000 - 0x00007fffc5812000 	C:\WINDOWS\System32\gdi32full.dll
0x00007fffc5270000 - 0x00007fffc5313000 	C:\WINDOWS\System32\msvcp_win.dll
0x00007fffc6f10000 - 0x00007fffc6f40000 	C:\WINDOWS\System32\IMM32.DLL
0x00007fffc1bb0000 - 0x00007fffc1bbc000 	C:\Program Files\Eclipse Adoptium\jdk-17.0.13.11-hotspot\bin\vcruntime140_1.dll
0x00007fffa2d20000 - 0x00007fffa2dad000 	C:\Program Files\Eclipse Adoptium\jdk-17.0.13.11-hotspot\bin\msvcp140.dll
0x00007fff3e2d0000 - 0x00007fff3ef3b000 	C:\Program Files\Eclipse Adoptium\jdk-17.0.13.11-hotspot\bin\server\jvm.dll
0x00007fffc68f0000 - 0x00007fffc69a2000 	C:\WINDOWS\System32\ADVAPI32.dll
0x00007fffc64b0000 - 0x00007fffc6556000 	C:\WINDOWS\System32\sechost.dll
0x00007fffc7780000 - 0x00007fffc7896000 	C:\WINDOWS\System32\RPCRT4.dll
0x00007fffc79a0000 - 0x00007fffc7a14000 	C:\WINDOWS\System32\WS2_32.dll
0x00007fffc4a60000 - 0x00007fffc4abe000 	C:\WINDOWS\SYSTEM32\POWRPROF.dll
0x00007fffbe290000 - 0x00007fffbe29b000 	C:\WINDOWS\SYSTEM32\VERSION.dll
0x00007fffbc310000 - 0x00007fffbc346000 	C:\WINDOWS\SYSTEM32\WINMM.dll
0x00007fffc4a40000 - 0x00007fffc4a54000 	C:\WINDOWS\SYSTEM32\UMPDC.dll
0x00007fffc39b0000 - 0x00007fffc39ca000 	C:\WINDOWS\SYSTEM32\kernel.appcore.dll
0x00007fffbec70000 - 0x00007fffbec7a000 	C:\Program Files\Eclipse Adoptium\jdk-17.0.13.11-hotspot\bin\jimage.dll
0x00007fffb8ca0000 - 0x00007fffb8ee1000 	C:\WINDOWS\SYSTEM32\DBGHELP.DLL
0x00007fffc6060000 - 0x00007fffc63e4000 	C:\WINDOWS\System32\combase.dll
0x00007fffc7690000 - 0x00007fffc7770000 	C:\WINDOWS\System32\OLEAUT32.dll
0x00007fffaa9d0000 - 0x00007fffaaa09000 	C:\WINDOWS\SYSTEM32\dbgcore.DLL
0x00007fffc4cb0000 - 0x00007fffc4d49000 	C:\WINDOWS\System32\bcryptPrimitives.dll
0x00007fffae180000 - 0x00007fffae1a5000 	C:\Program Files\Eclipse Adoptium\jdk-17.0.13.11-hotspot\bin\java.dll
0x00007fff8eb70000 - 0x00007fff8ec47000 	C:\Program Files\Eclipse Adoptium\jdk-17.0.13.11-hotspot\bin\jsvml.dll
0x00007fffc6f50000 - 0x00007fffc767d000 	C:\WINDOWS\System32\SHELL32.dll
0x00007fffc5560000 - 0x00007fffc56d4000 	C:\WINDOWS\System32\wintypes.dll
0x00007fffc2850000 - 0x00007fffc30a6000 	C:\WINDOWS\SYSTEM32\windows.storage.dll
0x00007fffc78a0000 - 0x00007fffc798f000 	C:\WINDOWS\System32\SHCORE.dll
0x00007fffc5820000 - 0x00007fffc5889000 	C:\WINDOWS\System32\shlwapi.dll
0x00007fffc4b00000 - 0x00007fffc4b2f000 	C:\WINDOWS\SYSTEM32\profapi.dll
0x00007fffae000000 - 0x00007fffae019000 	C:\Program Files\Eclipse Adoptium\jdk-17.0.13.11-hotspot\bin\net.dll
0x00007fffbcf00000 - 0x00007fffbd01e000 	C:\WINDOWS\SYSTEM32\WINHTTP.dll
0x00007fffc3f20000 - 0x00007fffc3f8a000 	C:\WINDOWS\system32\mswsock.dll
0x00007fffad570000 - 0x00007fffad586000 	C:\Program Files\Eclipse Adoptium\jdk-17.0.13.11-hotspot\bin\nio.dll
0x00007fff4bd90000 - 0x00007fff4bf20000 	C:\Program Files\Eclipse Adoptium\jdk-17.0.13.11-hotspot\bin\awt.dll
0x00007fffc1c20000 - 0x00007fffc1cbe000 	C:\WINDOWS\SYSTEM32\apphelp.dll
0x00007fffc21a0000 - 0x00007fffc21d6000 	C:\WINDOWS\system32\DWMAPI.DLL
0x00007fffc1e20000 - 0x00007fffc1ecf000 	C:\WINDOWS\system32\uxtheme.dll
0x00007fff59e80000 - 0x00007fff59f8c000 	C:\WINDOWS\system32\opengl32.dll
0x00007fff59960000 - 0x00007fff5998d000 	C:\WINDOWS\SYSTEM32\GLU32.dll
0x00007fffc1f60000 - 0x00007fffc1fa7000 	C:\WINDOWS\SYSTEM32\dxcore.dll
0x00007fffc5d90000 - 0x00007fffc5eef000 	C:\WINDOWS\System32\MSCTF.dll
0x00007fffc6620000 - 0x00007fffc67bf000 	C:\WINDOWS\System32\ole32.dll
0x00007fff5ba80000 - 0x00007fff5bc35000 	C:\WINDOWS\system32\d3d9.dll
0x00007fffbc410000 - 0x00007fffbc5cb000 	C:\WINDOWS\System32\DriverStore\FileRepository\u0382224.inf_amd64_c734d32d6997cdb7\B380779\aticfx64.dll
0x00007fffa2980000 - 0x00007fffa29b4000 	C:\WINDOWS\System32\DriverStore\FileRepository\u0382224.inf_amd64_c734d32d6997cdb7\B380779\atiu9p64.dll
0x00007fff3d570000 - 0x00007fff3e2c5000 	C:\WINDOWS\System32\DriverStore\FileRepository\u0382224.inf_amd64_c734d32d6997cdb7\B380779\atiumd64.dll
0x0000000075a90000 - 0x00000000769b6000 	C:\WINDOWS\System32\DriverStore\FileRepository\u0382224.inf_amd64_c734d32d6997cdb7\B380779\atiumd6a.dll
0x00007fffc58d0000 - 0x00007fffc5d56000 	C:\WINDOWS\System32\SETUPAPI.dll
0x00007fffb9e80000 - 0x00007fffb9eb5000 	C:\WINDOWS\SYSTEM32\amdihk64.dll
0x00007fffc1fd0000 - 0x00007fffc2030000 	C:\WINDOWS\SYSTEM32\directxdatabasehelper.dll
0x00007fffad510000 - 0x00007fffad528000 	C:\Program Files\Eclipse Adoptium\jdk-17.0.13.11-hotspot\bin\zip.dll
0x00007fffa2950000 - 0x00007fffa297e000 	C:\Program Files\Eclipse Adoptium\jdk-17.0.13.11-hotspot\bin\javajpeg.dll
0x00007fffa2800000 - 0x00007fffa2887000 	C:\Program Files\Eclipse Adoptium\jdk-17.0.13.11-hotspot\bin\freetype.dll
0x00007fff4b180000 - 0x00007fff4b25b000 	C:\Program Files\Eclipse Adoptium\jdk-17.0.13.11-hotspot\bin\fontmanager.dll
0x00007fffa7d70000 - 0x00007fffa7e25000 	C:\WINDOWS\system32\RICHED20.DLL
0x00007fffbcb70000 - 0x00007fffbcb89000 	C:\WINDOWS\SYSTEM32\USP10.dll
0x00007fffad5e0000 - 0x00007fffad625000 	C:\WINDOWS\SYSTEM32\msls31.dll
0x00007fffc63f0000 - 0x00007fffc6498000 	C:\WINDOWS\System32\clbcatq.dll
0x00007fffa3940000 - 0x00007fffa399a000 	C:\WINDOWS\system32\dataexchange.dll
0x00007fffb99c0000 - 0x00007fffb9bfc000 	C:\WINDOWS\system32\twinapi.appcore.dll
0x00007fff9abe0000 - 0x00007fff9ad2d000 	C:\WINDOWS\SYSTEM32\textinputframework.dll
0x00007fffc15d0000 - 0x00007fffc16f6000 	C:\WINDOWS\SYSTEM32\CoreMessaging.dll
0x00007fffbd030000 - 0x00007fffbd313000 	C:\WINDOWS\SYSTEM32\CoreUIComponents.dll
0x00007fffc41e0000 - 0x00007fffc41ec000 	C:\WINDOWS\SYSTEM32\CRYPTBASE.DLL
0x00007fff9f910000 - 0x00007fff9f98b000 	C:\WINDOWS\system32\Ninput.dll

dbghelp: loaded successfully - version: 4.0.5 - missing functions: none
symbol engine: initialized successfully - sym options: 0x614 - pdb path: .;C:\Program Files\Eclipse Adoptium\jdk-17.0.13.11-hotspot\bin;C:\WINDOWS\SYSTEM32;C:\WINDOWS\WinSxS\amd64_microsoft.windows.common-controls_6595b64144ccf1df_6.0.26100.3912_none_3e07963ce335137e;C:\Program Files\Eclipse Adoptium\jdk-17.0.13.11-hotspot\bin\server;C:\WINDOWS\System32\DriverStore\FileRepository\u0382224.inf_amd64_c734d32d6997cdb7\B380779

VM Arguments:
jvm_args: -Dfile.encoding=UTF-8 --module-path=D:\gitt\Online-Quiz-Application\Quiz Application\build\classes 
java_command: quiz.application.Login
java_class_path (initial): D:\gitt\Online-Quiz-Application\Quiz Application\build\classes
Launcher Type: SUN_STANDARD

[Global flags]
     intx CICompilerCount                          = 4                                         {product} {ergonomic}
     uint ConcGCThreads                            = 3                                         {product} {ergonomic}
     uint G1ConcRefinementThreads                  = 10                                        {product} {ergonomic}
   size_t G1HeapRegionSize                         = 1048576                                   {product} {ergonomic}
    uintx GCDrainStackTargetSize                   = 64                                        {product} {ergonomic}
   size_t InitialHeapSize                          = 123731968                                 {product} {ergonomic}
   size_t MarkStackSize                            = 4194304                                   {product} {ergonomic}
   size_t MaxHeapSize                              = 1973420032                                {product} {ergonomic}
   size_t MaxNewSize                               = 1183842304                                {product} {ergonomic}
   size_t MinHeapDeltaBytes                        = 1048576                                   {product} {ergonomic}
   size_t MinHeapSize                              = 8388608                                   {product} {ergonomic}
    uintx NonNMethodCodeHeapSize                   = 5839372                                {pd product} {ergonomic}
    uintx NonProfiledCodeHeapSize                  = 122909434                              {pd product} {ergonomic}
    uintx ProfiledCodeHeapSize                     = 122909434                              {pd product} {ergonomic}
    uintx ReservedCodeCacheSize                    = 251658240                              {pd product} {ergonomic}
     bool SegmentedCodeCache                       = true                                      {product} {ergonomic}
   size_t SoftMaxHeapSize                          = 1973420032                             {manageable} {ergonomic}
     bool UseCompressedClassPointers               = true                           {product lp64_product} {ergonomic}
     bool UseCompressedOops                        = true                           {product lp64_product} {ergonomic}
     bool UseG1GC                                  = true                                      {product} {ergonomic}
     bool UseLargePagesIndividualAllocation        = false                                  {pd product} {ergonomic}

Logging:
Log output configuration:
 #0: stdout all=warning uptime,level,tags
 #1: stderr all=off uptime,level,tags

Environment Variables:
JAVA_HOME=C:\Program Files\Eclipse Adoptium\jdk-17.0.13.11-hotspot\
PATH=C:\Program Files\Python313\Scripts\;C:\Program Files\Python313\;C:\ProgramData\anaconda3\Scripts\;C:\ProgramData\anaconda3\;C:\Program Files\Python312\Scripts\;C:\Program Files\Python312\;C:\Python313\Scripts\;C:\Python313\;C:\Program Files\Common Files\Oracle\Java\javapath;C:\Program Files\Eclipse Adoptium\jdk-17.0.13.11-hotspot\bin;C:\oraclexe\app\oracle\product\11.2.0\server\bin;C:\WINDOWS\system32;C:\WINDOWS;C:\WINDOWS\System32\Wbem;C:\WINDOWS\System32\WindowsPowerShell\v1.0\;C:\WINDOWS\System32\OpenSSH\;C:\Program Files (x86)\Microsoft SQL Server\160\Tools\Binn\;C:\Program Files\Microsoft SQL Server\160\Tools\Binn\;C:\Program Files\Microsoft SQL Server\Client SDK\ODBC\170\Tools\Binn\;C:\Program Files\Microsoft SQL Server\160\DTS\Binn\;C:\ProgramData\chocolatey\bin;C:\Program Files\nodejs\;D:\Git\cmd;C:\Program Files\CMake\bin;C:\Program Files\MySQL\MySQL Shell 8.0\bin\;C:\Users\win11\AppData\Local\Microsoft\WindowsApps;;C:\Program Files\JetBrains\PyCharm 2024.3\bin;;C:\Program Files\JetBrains\PyCharm Community Edition 2024.3\bin;;C:\Users\win11\AppData\Local\Programs\Microsoft VS Code\bin;D:\java\IntelliJ IDEA Community Edition 2024.3.1.1\bin;;C:\Users\win11\AppData\Roaming\npm
USERNAME=win11
OS=Windows_NT
PROCESSOR_IDENTIFIER=AMD64 Family 25 Model 80 Stepping 0, AuthenticAMD
TMP=C:\Users\win11\AppData\Local\Temp
TEMP=C:\Users\win11\AppData\Local\Temp



Periodic native trim disabled


---------------  S Y S T E M  ---------------

OS:
 Windows 11 , 64 bit Build 26100 (10.0.26100.3912)
OS uptime: 1 days 11:21 hours
Hyper-V role detected

CPU: total 12 (initial active 12) (12 cores per cpu, 2 threads per core) family 25 model 80 stepping 0 microcode 0xa50000d, cx8, cmov, fxsr, ht, mmx, 3dnowpref, sse, sse2, sse3, ssse3, sse4a, sse4.1, sse4.2, popcnt, lzcnt, tsc, tscinvbit, avx, avx2, aes, erms, clmul, bmi1, bmi2, adx, sha, fma, vzeroupper, clflush, clflushopt, hv
Processor Information for processor 0
  Max Mhz: 3301, Current Mhz: 1805, Mhz Limit: 3301
Processor Information for processor 1
  Max Mhz: 3301, Current Mhz: 1805, Mhz Limit: 3301
Processor Information for processor 2
  Max Mhz: 3301, Current Mhz: 1805, Mhz Limit: 3301
Processor Information for processor 3
  Max Mhz: 3301, Current Mhz: 3301, Mhz Limit: 3301
Processor Information for processor 4
  Max Mhz: 3301, Current Mhz: 1805, Mhz Limit: 3301
Processor Information for processor 5
  Max Mhz: 3301, Current Mhz: 1805, Mhz Limit: 3301
Processor Information for processor 6
  Max Mhz: 3301, Current Mhz: 1805, Mhz Limit: 3301
Processor Information for processor 7
  Max Mhz: 3301, Current Mhz: 1805, Mhz Limit: 3301
Processor Information for processor 8
  Max Mhz: 3301, Current Mhz: 1805, Mhz Limit: 3301
Processor Information for processor 9
  Max Mhz: 3301, Current Mhz: 1805, Mhz Limit: 3301
Processor Information for processor 10
  Max Mhz: 3301, Current Mhz: 1805, Mhz Limit: 3301
Processor Information for processor 11
  Max Mhz: 3301, Current Mhz: 1805, Mhz Limit: 3301

Memory: 4k page, system-wide physical 7521M (1281M free)
TotalPageFile size 31073M (AvailPageFile size 0M)
current process WorkingSet (physical memory assigned to process): 13M, peak: 113M
current process commit charge ("private bytes"): 266M, peak: 270M

vm_info: OpenJDK 64-Bit Server VM (17.0.13+11) for windows-amd64 JRE (17.0.13+11), built on Oct 16 2024 00:10:08 by "admin" with MS VC++ 17.7 (VS2022)

END.
